TN:
SF:src\api\axiosInstance.js
FN:12,(anonymous_0)
FN:20,(anonymous_1)
FN:24,(anonymous_2)
FN:25,(anonymous_3)
FNF:4
FNH:2
FNDA:2,(anonymous_0)
FNDA:0,(anonymous_1)
FNDA:0,(anonymous_2)
FNDA:2,(anonymous_3)
DA:3,16
DA:12,16
DA:14,2
DA:15,2
DA:16,1
DA:18,2
DA:20,0
DA:24,16
DA:25,0
DA:27,2
DA:28,1
DA:29,1
DA:31,2
LF:13
LH:11
BRDA:4,0,0,16
BRDA:4,0,1,0
BRDA:15,1,0,1
BRDA:15,1,1,1
BRDA:27,2,0,1
BRDA:27,2,1,1
BRF:6
BRH:5
end_of_record
TN:
SF:src\api\paymentService.js
FN:9,(anonymous_0)
FN:11,(anonymous_1)
FN:11,(anonymous_2)
FN:13,(anonymous_3)
FN:18,(anonymous_4)
FN:22,(anonymous_5)
FN:29,(anonymous_6)
FN:32,(anonymous_7)
FN:39,(anonymous_8)
FN:58,(anonymous_9)
FN:61,(anonymous_10)
FN:71,(anonymous_11)
FN:74,(anonymous_12)
FNF:13
FNH:13
FNDA:4,(anonymous_0)
FNDA:8,(anonymous_1)
FNDA:8,(anonymous_2)
FNDA:3,(anonymous_3)
FNDA:20,(anonymous_4)
FNDA:20,(anonymous_5)
FNDA:2,(anonymous_6)
FNDA:21,(anonymous_7)
FNDA:1,(anonymous_8)
FNDA:1,(anonymous_9)
FNDA:1,(anonymous_10)
FNDA:1,(anonymous_11)
FNDA:1,(anonymous_12)
DA:4,12
DA:7,12
DA:9,12
DA:11,12
DA:13,12
DA:14,3
DA:15,3
DA:16,3
DA:17,3
DA:18,20
DA:20,3
DA:21,1
DA:22,20
DA:24,3
DA:26,0
DA:29,12
DA:30,2
DA:31,2
DA:32,21
DA:33,2
DA:34,1
DA:36,0
DA:39,12
DA:40,1
DA:41,1
DA:42,1
DA:52,1
DA:53,1
DA:55,0
DA:58,12
DA:59,1
DA:60,1
DA:61,1
DA:62,1
DA:63,1
DA:64,1
DA:66,0
DA:68,0
DA:71,12
DA:72,1
DA:73,1
DA:74,1
DA:75,1
DA:76,1
DA:77,1
DA:79,0
DA:81,0
LF:47
LH:40
BRDA:14,0,0,3
BRDA:14,0,1,0
BRDA:17,1,0,1
BRDA:17,1,1,2
BRDA:20,2,0,1
BRDA:20,2,1,2
BRDA:30,3,0,2
BRDA:30,3,1,0
BRDA:33,4,0,1
BRDA:33,4,1,1
BRDA:40,5,0,1
BRDA:40,5,1,0
BRDA:59,6,0,1
BRDA:59,6,1,0
BRDA:62,7,0,1
BRDA:62,7,1,0
BRDA:72,8,0,1
BRDA:72,8,1,0
BRDA:75,9,0,1
BRDA:75,9,1,0
BRF:20
BRH:13
end_of_record
TN:
SF:src\api\scheduleService.js
FN:7,(anonymous_0)
FN:7,(anonymous_1)
FN:9,(anonymous_2)
FN:12,(anonymous_3)
FN:21,(anonymous_4)
FN:25,(anonymous_5)
FNF:6
FNH:6
FNDA:4,(anonymous_0)
FNDA:4,(anonymous_1)
FNDA:2,(anonymous_2)
FNDA:40,(anonymous_3)
FNDA:2,(anonymous_4)
FNDA:40,(anonymous_5)
DA:5,4
DA:7,4
DA:9,4
DA:10,2
DA:11,2
DA:12,2
DA:13,40
DA:14,40
DA:16,2
DA:18,0
DA:21,4
DA:22,2
DA:23,2
DA:24,2
DA:25,40
DA:26,2
DA:28,0
LF:17
LH:15
BRDA:10,0,0,2
BRDA:10,0,1,0
BRDA:14,1,0,40
BRDA:14,1,1,19
BRDA:22,2,0,2
BRDA:22,2,1,0
BRF:6
BRH:4
end_of_record
TN:
SF:src\components\common\ErrorBoundary.jsx
FN:7,(anonymous_0)
FN:12,(anonymous_1)
FN:16,(anonymous_2)
FN:20,(anonymous_3)
FNF:4
FNH:4
FNDA:6,(anonymous_0)
FNDA:5,(anonymous_1)
FNDA:1,(anonymous_2)
FNDA:10,(anonymous_3)
DA:8,6
DA:9,6
DA:13,4
DA:16,1
DA:17,1
DA:21,10
DA:22,4
DA:45,6
LF:8
LH:8
BRDA:21,0,0,4
BRDA:21,0,1,6
BRF:2
BRH:2
end_of_record
TN:
SF:src\components\common\FormField.jsx
FN:4,(anonymous_0)
FN:10,(anonymous_1)
FNF:2
FNH:2
FNDA:68,(anonymous_0)
FNDA:171,(anonymous_1)
DA:4,3
DA:5,68
DA:11,171
LF:3
LH:3
BRDA:4,0,0,68
BRF:1
BRH:1
end_of_record
TN:
SF:src\components\common\LoadingSpinner.jsx
FN:5,(anonymous_0)
FNF:1
FNH:1
FNDA:3,(anonymous_0)
DA:5,3
DA:6,3
LF:2
LH:2
BRDA:5,0,0,3
BRF:1
BRH:1
end_of_record
TN:
SF:src\components\common\SkeletonCard.jsx
FN:5,(anonymous_0)
FNF:1
FNH:1
FNDA:4,(anonymous_0)
DA:5,1
DA:6,4
LF:2
LH:2
BRF:0
BRH:0
end_of_record
TN:
SF:src\components\common\SkeletonTable.jsx
FN:4,(anonymous_0)
FN:8,(anonymous_1)
FNF:2
FNH:2
FNDA:1,(anonymous_0)
FNDA:3,(anonymous_1)
DA:4,1
DA:5,1
DA:9,3
LF:3
LH:3
BRDA:4,0,0,1
BRF:1
BRH:1
end_of_record
TN:
SF:src\components\common\StatusChip.jsx
FN:4,(anonymous_0)
FNF:1
FNH:1
FNDA:41,(anonymous_0)
DA:4,9
DA:5,41
LF:2
LH:2
BRF:0
BRH:0
end_of_record
TN:
SF:src\components\payments\DashboardWidgets\MiniCalendar.jsx
FN:12,(anonymous_0)
FN:20,(anonymous_1)
FN:22,(anonymous_2)
FN:22,(anonymous_3)
FN:23,(anonymous_4)
FN:23,(anonymous_5)
FN:25,(anonymous_6)
FN:41,(anonymous_7)
FN:81,(anonymous_8)
FNF:9
FNH:7
FNDA:6,(anonymous_0)
FNDA:5,(anonymous_1)
FNDA:0,(anonymous_2)
FNDA:0,(anonymous_3)
FNDA:1,(anonymous_4)
FNDA:1,(anonymous_5)
FNDA:1,(anonymous_6)
FNDA:1,(anonymous_7)
FNDA:42,(anonymous_8)
DA:12,2
DA:13,6
DA:14,6
DA:16,6
DA:17,6
DA:18,6
DA:20,6
DA:22,6
DA:23,6
DA:25,6
DA:26,1
DA:29,6
DA:30,6
DA:31,20
DA:33,6
DA:34,181
DA:35,181
DA:36,181
DA:38,181
DA:41,1
DA:69,181
DA:82,42
LF:22
LH:22
BRDA:12,0,0,6
BRDA:41,1,0,1
BRDA:41,1,1,1
BRDA:49,2,0,4
BRDA:49,2,1,177
BRDA:50,3,0,5
BRDA:50,3,1,176
BRDA:51,4,0,5
BRDA:51,4,1,176
BRDA:52,5,0,5
BRDA:52,5,1,176
BRDA:54,6,0,4
BRDA:54,6,1,177
BRDA:58,7,0,4
BRDA:58,7,1,177
BRF:15
BRH:15
end_of_record
TN:
SF:src\components\payments\DashboardWidgets\SummaryCards.jsx
FN:18,(anonymous_0)
FN:18,(anonymous_1)
FN:19,(anonymous_2)
FN:26,(anonymous_3)
FN:28,(anonymous_4)
FN:29,(anonymous_5)
FN:30,(anonymous_6)
FN:37,(anonymous_7)
FN:37,(anonymous_8)
FN:38,(anonymous_9)
FN:45,(anonymous_10)
FN:45,(anonymous_11)
FN:46,(anonymous_12)
FN:50,(anonymous_13)
FN:53,(anonymous_14)
FNF:15
FNH:15
FNDA:6,(anonymous_0)
FNDA:21,(anonymous_1)
FNDA:6,(anonymous_2)
FNDA:6,(anonymous_3)
FNDA:21,(anonymous_4)
FNDA:9,(anonymous_5)
FNDA:6,(anonymous_6)
FNDA:6,(anonymous_7)
FNDA:21,(anonymous_8)
FNDA:6,(anonymous_9)
FNDA:6,(anonymous_10)
FNDA:21,(anonymous_11)
FNDA:6,(anonymous_12)
FNDA:6,(anonymous_13)
FNDA:24,(anonymous_14)
DA:12,2
DA:18,21
DA:19,6
DA:27,6
DA:28,21
DA:29,9
DA:30,6
DA:37,21
DA:38,6
DA:45,21
DA:46,6
DA:50,2
DA:51,6
DA:54,24
LF:14
LH:14
BRDA:18,0,0,21
BRDA:18,0,1,16
BRDA:28,1,0,21
BRDA:28,1,1,16
BRDA:50,2,0,6
BRF:5
BRH:5
end_of_record
TN:
SF:src\components\payments\DashboardWidgets\UpcomingTable.jsx
FN:15,(anonymous_0)
FN:19,(anonymous_1)
FN:20,(anonymous_2)
FN:44,(anonymous_3)
FN:53,(anonymous_4)
FNF:5
FNH:4
FNDA:4,(anonymous_0)
FNDA:9,(anonymous_1)
FNDA:10,(anonymous_2)
FNDA:6,(anonymous_3)
FNDA:0,(anonymous_4)
DA:15,2
DA:16,4
DA:18,4
DA:19,9
DA:20,10
DA:23,4
DA:24,2
DA:31,2
DA:45,6
DA:53,0
LF:10
LH:9
BRDA:15,0,0,4
BRDA:23,1,0,2
BRDA:23,1,1,2
BRF:3
BRH:3
end_of_record
TN:
SF:src\components\payments\PaymentCard\index.jsx
FN:11,(anonymous_0)
FNF:1
FNH:1
FNDA:8,(anonymous_0)
DA:11,2
DA:12,8
DA:14,7
LF:3
LH:3
BRDA:12,0,0,1
BRDA:12,0,1,7
BRDA:39,1,0,7
BRDA:39,1,1,0
BRDA:50,2,0,8
BRDA:50,2,1,1
BRDA:56,3,0,8
BRDA:56,3,1,1
BRF:8
BRH:7
end_of_record
TN:
SF:src\components\payments\PaymentForm\PayeeStep.jsx
FN:4,(anonymous_0)
FNF:1
FNH:1
FNDA:13,(anonymous_0)
DA:4,2
DA:5,13
LF:2
LH:2
BRF:0
BRH:0
end_of_record
TN:
SF:src\components\payments\PaymentForm\PaymentStep.jsx
FN:18,(anonymous_0)
FN:30,(anonymous_1)
FN:32,(anonymous_2)
FN:45,(anonymous_3)
FN:62,(anonymous_4)
FN:71,(anonymous_5)
FN:85,(anonymous_6)
FN:89,(anonymous_7)
FN:103,(anonymous_8)
FN:107,(anonymous_9)
FNF:10
FNH:8
FNDA:8,(anonymous_0)
FNDA:10,(anonymous_1)
FNDA:40,(anonymous_2)
FNDA:10,(anonymous_3)
FNDA:1,(anonymous_4)
FNDA:3,(anonymous_5)
FNDA:10,(anonymous_6)
FNDA:0,(anonymous_7)
FNDA:1,(anonymous_8)
FNDA:0,(anonymous_9)
DA:15,3
DA:16,3
DA:18,3
DA:19,8
DA:21,8
DA:31,10
DA:33,40
DA:46,10
DA:63,1
DA:72,3
DA:86,10
DA:89,0
DA:104,1
DA:107,0
LF:14
LH:12
BRDA:52,0,0,10
BRDA:52,0,1,0
BRDA:57,1,0,8
BRDA:57,1,1,1
BRDA:88,2,0,0
BRDA:88,2,1,10
BRDA:89,3,0,0
BRDA:89,3,1,0
BRDA:98,4,0,8
BRDA:98,4,1,1
BRDA:106,5,0,0
BRDA:106,5,1,1
BRDA:107,6,0,0
BRDA:107,6,1,0
BRF:14
BRH:7
end_of_record
TN:
SF:src\components\payments\PaymentForm\ReviewStep.jsx
FN:11,(anonymous_0)
FN:20,(anonymous_1)
FN:27,(anonymous_2)
FN:42,(anonymous_3)
FNF:4
FNH:4
FNDA:42,(anonymous_0)
FNDA:4,(anonymous_1)
FNDA:1,(anonymous_2)
FNDA:1,(anonymous_3)
DA:11,3
DA:12,42
DA:20,3
DA:21,4
DA:27,1
DA:42,1
LF:6
LH:6
BRDA:16,0,0,42
BRDA:16,0,1,1
BRDA:50,1,0,4
BRDA:50,1,1,3
BRDA:54,2,0,4
BRDA:54,2,1,3
BRF:6
BRH:6
end_of_record
TN:
SF:src\components\payments\PaymentForm\index.jsx
FN:35,(anonymous_0)
FN:53,(anonymous_1)
FN:57,(anonymous_2)
FN:60,(anonymous_3)
FN:60,(anonymous_4)
FN:62,(anonymous_5)
FN:64,(anonymous_6)
FN:74,(anonymous_7)
FN:90,(anonymous_8)
FNF:9
FNH:7
FNDA:16,(anonymous_0)
FNDA:6,(anonymous_1)
FNDA:3,(anonymous_2)
FNDA:1,(anonymous_3)
FNDA:1,(anonymous_4)
FNDA:0,(anonymous_5)
FNDA:0,(anonymous_6)
FNDA:16,(anonymous_7)
FNDA:48,(anonymous_8)
DA:18,2
DA:19,2
DA:21,2
DA:35,2
DA:36,16
DA:37,16
DA:38,16
DA:39,16
DA:46,16
DA:53,16
DA:54,6
DA:55,6
DA:56,6
DA:57,6
DA:60,16
DA:62,16
DA:64,16
DA:65,0
DA:66,0
DA:67,0
DA:68,0
DA:70,0
DA:74,16
DA:75,16
DA:77,13
DA:79,3
DA:81,0
DA:83,0
DA:87,16
DA:91,48
LF:30
LH:23
BRDA:57,0,0,3
BRDA:57,0,1,3
BRDA:75,1,0,13
BRDA:75,1,1,3
BRDA:75,1,2,0
BRDA:75,1,3,0
BRDA:103,2,0,16
BRDA:103,2,1,0
BRDA:113,3,0,0
BRDA:113,3,1,0
BRF:10
BRH:5
end_of_record
TN:
SF:src\components\payments\PaymentForm\validationSchema.js
FN:31,(anonymous_0)
FN:32,(anonymous_1)
FN:37,(anonymous_2)
FN:38,(anonymous_3)
FNF:4
FNH:4
FNDA:6,(anonymous_0)
FNDA:46,(anonymous_1)
FNDA:6,(anonymous_2)
FNDA:46,(anonymous_3)
DA:3,3
DA:20,3
DA:31,6
DA:32,46
DA:37,6
DA:38,46
DA:43,3
LF:7
LH:7
BRF:0
BRH:0
end_of_record
TN:
SF:src\components\payments\PaymentTable\PaymentColumns.jsx
FN:1,(anonymous_0)
FN:10,(anonymous_1)
FN:21,(anonymous_2)
FN:33,(anonymous_3)
FN:46,(anonymous_4)
FN:48,(anonymous_5)
FNF:6
FNH:3
FNDA:1,(anonymous_0)
FNDA:1,(anonymous_1)
FNDA:1,(anonymous_2)
FNDA:0,(anonymous_3)
FNDA:0,(anonymous_4)
FNDA:0,(anonymous_5)
DA:1,1
DA:11,1
DA:22,1
DA:33,0
DA:47,0
DA:48,0
LF:6
LH:3
BRDA:33,0,0,0
BRDA:33,0,1,0
BRF:2
BRH:0
end_of_record
TN:
SF:src\components\payments\PaymentTable\PaymentToolbar.jsx
FN:13,(anonymous_0)
FN:22,(anonymous_1)
FN:39,(anonymous_2)
FN:42,(anonymous_3)
FN:52,(anonymous_4)
FNF:5
FNH:3
FNDA:11,(anonymous_0)
FNDA:4,(anonymous_1)
FNDA:0,(anonymous_2)
FNDA:77,(anonymous_3)
FNDA:0,(anonymous_4)
DA:11,2
DA:13,2
DA:14,11
DA:16,11
DA:22,4
DA:39,0
DA:43,77
DA:52,0
LF:8
LH:6
BRF:0
BRH:0
end_of_record
TN:
SF:src\components\payments\PaymentTable\index.jsx
FN:30,(anonymous_0)
FN:39,(anonymous_1)
FN:43,(anonymous_2)
FN:46,(anonymous_3)
FN:48,(anonymous_4)
FN:58,(anonymous_5)
FN:64,(anonymous_6)
FN:67,(anonymous_7)
FN:95,(anonymous_8)
FN:101,(anonymous_9)
FN:113,(anonymous_10)
FN:114,(anonymous_11)
FN:128,(anonymous_12)
FN:145,(anonymous_13)
FN:147,(anonymous_14)
FNF:15
FNH:11
FNDA:11,(anonymous_0)
FNDA:11,(anonymous_1)
FNDA:12,(anonymous_2)
FNDA:0,(anonymous_3)
FNDA:25,(anonymous_4)
FNDA:1,(anonymous_5)
FNDA:1,(anonymous_6)
FNDA:3,(anonymous_7)
FNDA:77,(anonymous_8)
FNDA:1,(anonymous_9)
FNDA:24,(anonymous_10)
FNDA:1,(anonymous_11)
FNDA:0,(anonymous_12)
FNDA:0,(anonymous_13)
FNDA:0,(anonymous_14)
DA:20,2
DA:30,2
DA:31,11
DA:32,11
DA:33,11
DA:34,11
DA:35,11
DA:36,11
DA:37,11
DA:39,11
DA:40,11
DA:41,11
DA:42,4
DA:43,12
DA:45,11
DA:46,0
DA:48,11
DA:49,25
DA:50,25
DA:51,25
DA:52,8
DA:53,0
DA:55,11
DA:58,11
DA:59,1
DA:60,1
DA:61,1
DA:64,11
DA:65,1
DA:66,1
DA:68,3
DA:71,1
DA:72,1
DA:73,1
DA:74,1
DA:75,1
DA:76,1
DA:77,1
DA:80,11
DA:82,11
DA:96,77
DA:101,1
DA:114,24
DA:129,0
DA:130,0
DA:145,0
DA:148,0
DA:149,0
LF:48
LH:41
BRDA:30,0,0,11
BRDA:41,1,0,4
BRDA:41,1,1,7
BRDA:45,2,0,0
BRDA:45,2,1,11
BRDA:51,3,0,17
BRDA:51,3,1,8
BRDA:51,4,0,17
BRDA:51,4,1,0
BRDA:52,5,0,8
BRDA:52,5,1,0
BRDA:52,6,0,8
BRDA:52,6,1,0
BRDA:59,7,0,1
BRDA:59,7,1,0
BRDA:60,8,0,0
BRDA:60,8,1,1
BRDA:68,9,0,3
BRDA:68,9,1,1
BRDA:96,10,0,77
BRDA:96,10,1,55
BRDA:97,11,0,44
BRDA:97,11,1,33
BRDA:100,12,0,11
BRDA:100,12,1,33
BRDA:120,13,0,24
BRDA:120,13,1,7
BRF:27
BRH:21
end_of_record
TN:
SF:src\components\payments\PaymentTimeline\index.jsx
FN:25,(anonymous_0)
FN:40,(anonymous_1)
FNF:2
FNH:2
FNDA:8,(anonymous_0)
FNDA:13,(anonymous_1)
DA:17,2
DA:25,2
DA:26,8
DA:27,1
DA:34,7
DA:41,13
DA:42,13
LF:7
LH:7
BRDA:25,0,0,8
BRDA:26,1,0,1
BRDA:26,1,1,7
BRDA:41,2,0,13
BRDA:41,2,1,0
BRDA:46,3,0,13
BRDA:46,3,1,6
BRDA:53,4,0,13
BRDA:53,4,1,1
BRF:9
BRH:8
end_of_record
TN:
SF:src\components\payments\ScheduleCalendar\index.jsx
FN:17,(anonymous_0)
FN:25,(anonymous_1)
FN:32,(anonymous_2)
FN:32,(anonymous_3)
FN:33,(anonymous_4)
FN:33,(anonymous_5)
FN:35,(anonymous_6)
FN:52,(anonymous_7)
FN:73,(anonymous_8)
FN:121,(anonymous_9)
FN:136,(anonymous_10)
FNF:11
FNH:11
FNDA:11,(anonymous_0)
FNDA:13,(anonymous_1)
FNDA:1,(anonymous_2)
FNDA:1,(anonymous_3)
FNDA:1,(anonymous_4)
FNDA:1,(anonymous_5)
FNDA:1,(anonymous_6)
FNDA:1,(anonymous_7)
FNDA:8,(anonymous_8)
FNDA:77,(anonymous_9)
FNDA:1,(anonymous_10)
DA:17,2
DA:18,11
DA:19,11
DA:21,11
DA:22,11
DA:23,11
DA:25,11
DA:26,13
DA:27,13
DA:28,13
DA:29,13
DA:32,11
DA:33,11
DA:35,11
DA:36,1
DA:39,11
DA:40,11
DA:41,32
DA:43,11
DA:44,332
DA:45,332
DA:46,332
DA:47,332
DA:49,332
DA:52,1
DA:74,8
DA:99,332
DA:101,11
DA:122,77
DA:137,1
LF:30
LH:30
BRDA:17,0,0,11
BRDA:27,1,0,11
BRDA:27,1,1,2
BRDA:36,2,0,0
BRDA:36,2,1,1
BRDA:45,3,0,332
BRDA:45,3,1,323
BRDA:52,4,0,1
BRDA:52,4,1,1
BRDA:58,5,0,1
BRDA:58,5,1,331
BRDA:59,6,0,9
BRDA:59,6,1,323
BRDA:59,7,0,0
BRDA:59,7,1,323
BRDA:60,8,0,9
BRDA:60,8,1,323
BRDA:61,9,0,9
BRDA:61,9,1,323
BRDA:66,10,0,9
BRDA:66,10,1,323
BRDA:66,11,0,9
BRDA:66,11,1,323
BRDA:70,12,0,332
BRDA:70,12,1,9
BRDA:72,13,0,8
BRDA:72,13,1,1
BRDA:79,14,0,0
BRDA:79,14,1,8
BRDA:81,15,0,0
BRDA:81,15,1,8
BRDA:99,16,0,1
BRDA:99,16,1,10
BRDA:99,17,0,1
BRDA:99,17,1,0
BRDA:130,18,0,11
BRDA:130,18,1,1
BRDA:130,18,2,1
BRF:38
BRH:33
end_of_record
TN:
SF:src\contexts\AuthContext.jsx
FN:5,(anonymous_0)
FN:8,(anonymous_1)
FN:9,(anonymous_2)
FN:14,(anonymous_3)
FN:19,(anonymous_4)
FNF:5
FNH:5
FNDA:62,(anonymous_0)
FNDA:1,(anonymous_1)
FNDA:1,(anonymous_2)
FNDA:62,(anonymous_3)
FNDA:7,(anonymous_4)
DA:3,18
DA:5,18
DA:6,62
DA:8,62
DA:9,62
DA:10,1
DA:11,1
DA:14,62
DA:16,62
DA:19,18
DA:20,7
DA:21,7
DA:22,5
LF:13
LH:13
BRDA:21,0,0,2
BRDA:21,0,1,5
BRF:2
BRH:2
end_of_record
TN:
SF:src\contexts\NotificationContext.jsx
FN:7,(anonymous_0)
FN:14,(anonymous_1)
FN:18,(anonymous_2)
FN:20,(anonymous_3)
FN:23,(anonymous_4)
FN:42,(anonymous_5)
FNF:6
FNH:4
FNDA:59,(anonymous_0)
FNDA:1,(anonymous_1)
FNDA:0,(anonymous_2)
FNDA:0,(anonymous_3)
FNDA:58,(anonymous_4)
FNDA:3,(anonymous_5)
DA:5,19
DA:7,19
DA:8,59
DA:14,59
DA:15,1
DA:18,59
DA:19,0
DA:20,0
DA:23,59
DA:25,59
DA:42,19
DA:43,3
DA:44,3
DA:45,1
LF:14
LH:12
BRDA:14,0,0,1
BRDA:19,1,0,0
BRDA:19,1,1,0
BRDA:44,2,0,2
BRDA:44,2,1,1
BRF:5
BRH:3
end_of_record
TN:
SF:src\contexts\ThemeContext.jsx
FN:8,(anonymous_0)
FN:11,(anonymous_1)
FN:23,(anonymous_2)
FN:23,(anonymous_3)
FN:25,(anonymous_4)
FN:37,(anonymous_5)
FNF:6
FNH:6
FNDA:60,(anonymous_0)
FNDA:60,(anonymous_1)
FNDA:1,(anonymous_2)
FNDA:1,(anonymous_3)
FNDA:60,(anonymous_4)
FNDA:5,(anonymous_5)
DA:6,18
DA:8,18
DA:9,60
DA:11,60
DA:23,60
DA:25,60
DA:27,60
DA:37,18
DA:38,5
DA:39,5
DA:40,3
LF:11
LH:11
BRDA:23,0,0,1
BRDA:23,0,1,0
BRDA:39,1,0,2
BRDA:39,1,1,3
BRF:4
BRH:3
end_of_record
TN:
SF:src\hooks\useNotification.js
FNF:0
FNH:0
LF:0
LH:0
BRF:0
BRH:0
end_of_record
TN:
SF:src\hooks\usePayments.js
FN:10,(anonymous_0)
FN:13,(anonymous_1)
FN:13,(anonymous_2)
FN:17,(anonymous_3)
FN:20,(anonymous_4)
FN:20,(anonymous_5)
FN:25,(anonymous_6)
FN:28,(anonymous_7)
FN:28,(anonymous_8)
FN:29,(anonymous_9)
FN:35,(anonymous_10)
FN:38,(anonymous_11)
FN:38,(anonymous_12)
FN:39,(anonymous_13)
FN:45,(anonymous_14)
FN:48,(anonymous_15)
FN:48,(anonymous_16)
FN:49,(anonymous_17)
FNF:18
FNH:14
FNDA:3,(anonymous_0)
FNDA:2,(anonymous_1)
FNDA:2,(anonymous_2)
FNDA:3,(anonymous_3)
FNDA:1,(anonymous_4)
FNDA:1,(anonymous_5)
FNDA:2,(anonymous_6)
FNDA:1,(anonymous_7)
FNDA:1,(anonymous_8)
FNDA:1,(anonymous_9)
FNDA:0,(anonymous_10)
FNDA:0,(anonymous_11)
FNDA:0,(anonymous_12)
FNDA:0,(anonymous_13)
FNDA:2,(anonymous_14)
FNDA:1,(anonymous_15)
FNDA:1,(anonymous_16)
FNDA:1,(anonymous_17)
DA:10,1
DA:11,3
DA:13,2
DA:17,1
DA:18,3
DA:20,1
DA:25,1
DA:26,2
DA:27,2
DA:28,1
DA:30,1
DA:35,1
DA:36,0
DA:37,0
DA:38,0
DA:40,0
DA:45,1
DA:46,2
DA:47,2
DA:48,1
DA:50,1
LF:21
LH:17
BRF:0
BRH:0
end_of_record
TN:
SF:src\hooks\useSchedule.js
FN:4,(anonymous_0)
FN:7,(anonymous_1)
FN:7,(anonymous_2)
FN:12,(anonymous_3)
FN:15,(anonymous_4)
FN:15,(anonymous_5)
FNF:6
FNH:6
FNDA:3,(anonymous_0)
FNDA:1,(anonymous_1)
FNDA:1,(anonymous_2)
FNDA:3,(anonymous_3)
FNDA:1,(anonymous_4)
FNDA:1,(anonymous_5)
DA:4,1
DA:5,3
DA:7,1
DA:12,1
DA:13,3
DA:15,1
LF:6
LH:6
BRDA:8,0,0,3
BRDA:8,0,1,2
BRF:2
BRH:2
end_of_record
TN:
SF:src\pages\CreatePaymentPage.jsx
FN:6,(anonymous_0)
FNF:1
FNH:1
FNDA:1,(anonymous_0)
DA:6,1
DA:7,1
LF:2
LH:2
BRF:0
BRH:0
end_of_record
TN:
SF:src\pages\DashboardPage.jsx
FN:10,(anonymous_0)
FN:21,(anonymous_1)
FNF:2
FNH:2
FNDA:2,(anonymous_0)
FNDA:4,(anonymous_1)
DA:10,1
DA:11,2
DA:13,2
DA:22,4
LF:4
LH:4
BRDA:11,0,0,2
BRDA:19,1,0,1
BRDA:19,1,1,1
BRF:3
BRH:3
end_of_record
TN:
SF:src\pages\NotFoundPage.jsx
FN:7,(anonymous_0)
FN:30,(anonymous_1)
FNF:2
FNH:2
FNDA:2,(anonymous_0)
FNDA:1,(anonymous_1)
DA:7,1
DA:8,2
DA:10,2
DA:30,1
LF:4
LH:4
BRF:0
BRH:0
end_of_record
TN:
SF:src\pages\PaymentDetailPage.jsx
FN:16,(anonymous_0)
FN:31,(anonymous_1)
FN:38,(anonymous_2)
FN:51,(anonymous_3)
FNF:4
FNH:2
FNDA:7,(anonymous_0)
FNDA:0,(anonymous_1)
FNDA:2,(anonymous_2)
FNDA:0,(anonymous_3)
DA:16,1
DA:17,7
DA:18,7
DA:19,7
DA:20,7
DA:21,7
DA:23,7
DA:25,6
DA:26,1
DA:31,0
DA:38,5
DA:39,2
DA:40,2
DA:41,1
DA:42,1
DA:44,1
DA:48,5
DA:51,0
LF:18
LH:16
BRDA:23,0,0,1
BRDA:23,0,1,6
BRDA:25,1,0,1
BRDA:25,1,1,5
BRDA:57,2,0,5
BRDA:57,2,1,1
BRDA:62,3,0,7
BRDA:62,3,1,4
BRF:8
BRH:8
end_of_record
TN:
SF:src\pages\PaymentListPage.jsx
FN:7,(anonymous_0)
FNF:1
FNH:1
FNDA:2,(anonymous_0)
DA:7,1
DA:8,2
DA:10,2
DA:12,1
LF:4
LH:4
BRDA:8,0,0,2
BRDA:10,1,0,1
BRDA:10,1,1,1
BRF:3
BRH:3
end_of_record
TN:
SF:src\pages\SchedulePage.jsx
FN:20,(anonymous_0)
FN:26,(anonymous_1)
FN:27,(anonymous_2)
FN:41,(anonymous_3)
FN:57,(anonymous_4)
FN:63,(anonymous_5)
FNF:6
FNH:5
FNDA:4,(anonymous_0)
FNDA:0,(anonymous_1)
FNDA:3,(anonymous_2)
FNDA:1,(anonymous_3)
FNDA:1,(anonymous_4)
FNDA:1,(anonymous_5)
DA:20,1
DA:21,4
DA:22,4
DA:24,4
DA:26,3
DA:27,3
DA:28,3
DA:29,3
DA:30,3
DA:31,3
DA:34,3
DA:41,1
DA:58,1
DA:64,1
LF:14
LH:14
BRDA:22,0,0,4
BRDA:24,1,0,1
BRDA:24,1,1,3
BRDA:29,2,0,3
BRDA:29,2,1,0
BRDA:41,3,0,1
BRDA:41,3,1,1
BRDA:53,4,0,2
BRDA:53,4,1,1
BRF:9
BRH:8
end_of_record
TN:
SF:src\theme\theme.js
FNF:0
FNH:0
DA:3,18
LF:1
LH:1
BRF:0
BRH:0
end_of_record
TN:
SF:src\utils\formatCurrency.js
FN:7,(anonymous_0)
FNF:1
FNH:1
FNDA:57,(anonymous_0)
DA:7,13
DA:8,57
DA:14,57
DA:15,57
LF:4
LH:4
BRDA:7,0,0,57
BRDA:14,1,0,57
BRDA:14,1,1,1
BRF:3
BRH:3
end_of_record
TN:
SF:src\utils\formatDate.js
FN:9,(anonymous_0)
FN:18,(anonymous_1)
FNF:2
FNH:2
FNDA:42,(anonymous_0)
FNDA:14,(anonymous_1)
DA:9,10
DA:10,42
DA:18,10
DA:19,14
LF:4
LH:4
BRDA:9,0,0,42
BRF:1
BRH:1
end_of_record
TN:
SF:src\utils\validators.js
FN:5,(anonymous_0)
FN:10,(anonymous_1)
FN:15,(anonymous_2)
FNF:3
FNH:3
FNDA:4,(anonymous_0)
FNDA:3,(anonymous_1)
FNDA:48,(anonymous_2)
DA:5,10
DA:10,10
DA:15,10
DA:16,48
DA:24,48
LF:5
LH:5
BRDA:24,0,0,48
BRDA:24,0,1,2
BRF:2
BRH:2
end_of_record
